Build started 1/20/2026 11:23:15 PM.
     1>Project "C:\Users\dkatz\Documents\Projects\CSM\CSM.csproj" on node 1 (Restore target(s)).
     1>_GetAllRestoreProjectPathItems:
         Determining projects to restore...
       Restore:
         X.509 certificate chain validation will use the default trust store selected by .NET for code signing.
         X.509 certificate chain validation will use the default trust store selected by .NET for timestamping.
         Assets file has not changed. Skipping assets file writing. Path: C:\Users\dkatz\Documents\Projects\CSM\obj\project.assets.json
         Restored C:\Users\dkatz\Documents\Projects\CSM\CSM.csproj (in 81 ms).
         
         NuGet Config files used:
             C:\Users\dkatz\AppData\Roaming\NuGet\NuGet.Config
             C:\Program Files (x86)\NuGet\Config\Microsoft.VisualStudio.Offline.config
         
         Feeds used:
             https://api.nuget.org/v3/index.json
             C:\Program Files (x86)\Microsoft SDKs\NuGetPackages\
         All projects are up-to-date for restore.
     1>Done Building Project "C:\Users\dkatz\Documents\Projects\CSM\CSM.csproj" (Restore target(s)).
   1:7>Project "C:\Users\dkatz\Documents\Projects\CSM\CSM.csproj" on node 1 (default targets).
     1>GenerateTargetFrameworkMonikerAttribute:
       Skipping target "GenerateTargetFrameworkMonikerAttribute" because all output files are up-to-date with respect to the input files.
       CoreCompile:
         C:\Program Files\dotnet\dotnet.exe exec "C:\Program Files\dotnet\sdk\9.0.308\Roslyn\bincore\csc.dll" /noconfig /unsafe- /checked- /nowarn:1701,1702,1701,1702 /fullpaths /nostdlib+ /errorreport:prompt /warn:4 /define:NOMAD;NOMAD;NETFRAMEWORK;NET472;NET20_OR_GREATER;NET30_OR_GREATER;NET35_OR_GREATER;NET40_OR_GREATER;NET45_OR_GREATER;NET451_OR_GREATER;NET452_OR_GREATER;NET46_OR_GREATER;NET461_OR_GREATER;NET462_OR_GREATER;NET47_OR_GREATER;NET471_OR_GREATER;NET472_OR_GREATER /highentropyva+ /nullable:disable /reference:C:\Users\dkatz\Documents\Projects\CSM\libs\Assembly-CSharp-firstpass.dll /reference:C:\Users\dkatz\Documents\Projects\CSM\libs\Assembly-CSharp.dll /reference:"C:\Program Files (x86)\Reference Assemblies\Microsoft\Framework\.NETFramework\v4.7.2\mscorlib.dll" /reference:"C:\Program Files (x86)\Reference Assemblies\Microsoft\Framework\.NETFramework\v4.7.2\System.Core.dll" /reference:"C:\Program Files (x86)\Reference Assemblies\Microsoft\Framework\.NETFramework\v4.7.2\System.Data.dll" /reference:"C:\Program Files (x86)\Reference Assemblies\Microsoft\Framework\.NETFramework\v4.7.2\System.dll" /reference:"C:\Program Files (x86)\Reference Assemblies\Microsoft\Framework\.NETFramework\v4.7.2\System.Drawing.dll" /reference:"C:\Program Files (x86)\Reference Assemblies\Microsoft\Framework\.NETFramework\v4.7.2\System.IO.Compression.FileSystem.dll" /reference:"C:\Program Files (x86)\Reference Assemblies\Microsoft\Framework\.NETFramework\v4.7.2\System.Numerics.dll" /reference:"C:\Program Files (x86)\Reference Assemblies\Microsoft\Framework\.NETFramework\v4.7.2\System.Runtime.Serialization.dll" /reference:"C:\Program Files (x86)\Reference Assemblies\Microsoft\Framework\.NETFramework\v4.7.2\System.Xml.dll" /reference:"C:\Program Files (x86)\Reference Assemblies\Microsoft\Framework\.NETFramework\v4.7.2\System.Xml.Linq.dll" /reference:C:\Users\dkatz\Documents\Projects\CSM\libs\ThunderRoad.dll /reference:C:\Users\dkatz\Documents\Projects\CSM\libs\UnityEngine.CoreModule.dll /reference:C:\Users\dkatz\Documents\Projects\CSM\libs\UnityEngine.dll /debug- /filealign:512 /optimize+ /out:obj\Nomad\CSM.dll /subsystemversion:6.00 /target:library /warnaserror- /utf8output /deterministic+ /langversion:latest /analyzerconfig:obj\Nomad\CSM.GeneratedMSBuildEditorConfig.editorconfig Camera\MeshVisibilityController.cs Configuration\CSMModOptions.cs Configuration\TriggerType.cs Core\CSMManager.cs Core\CSMModule.cs Core\KillcamManager.cs Hooks\EventHooks.cs "obj\Nomad\.NETFramework,Version=v4.7.2.AssemblyAttributes.cs" /warnaserror+:NU1605
     1>C:\Users\dkatz\Documents\Projects\CSM\Core\KillcamManager.cs(161,35): error CS0117: 'CSMModOptions' does not contain a definition for 'KillcamShowPlayerBody' [C:\Users\dkatz\Documents\Projects\CSM\CSM.csproj]
     1>C:\Users\dkatz\Documents\Projects\CSM\Core\KillcamManager.cs(182,42): error CS0117: 'CSMModOptions' does not contain a definition for 'KillcamOnDecapitation' [C:\Users\dkatz\Documents\Projects\CSM\CSM.csproj]
     1>C:\Users\dkatz\Documents\Projects\CSM\Core\KillcamManager.cs(184,42): error CS0117: 'CSMModOptions' does not contain a definition for 'KillcamOnCritical' [C:\Users\dkatz\Documents\Projects\CSM\CSM.csproj]
     1>C:\Users\dkatz\Documents\Projects\CSM\Core\KillcamManager.cs(186,42): error CS0117: 'CSMModOptions' does not contain a definition for 'KillcamOnLastEnemy' [C:\Users\dkatz\Documents\Projects\CSM\CSM.csproj]
         CompilerServer: server - server processed compilation - CSM (net472)
     1>Done Building Project "C:\Users\dkatz\Documents\Projects\CSM\CSM.csproj" (default targets) -- FAILED.

Build FAILED.

       "C:\Users\dkatz\Documents\Projects\CSM\CSM.csproj" (default target) (1:7) ->
       (CoreCompile target) -> 
         C:\Users\dkatz\Documents\Projects\CSM\Core\KillcamManager.cs(161,35): error CS0117: 'CSMModOptions' does not contain a definition for 'KillcamShowPlayerBody' [C:\Users\dkatz\Documents\Projects\CSM\CSM.csproj]
         C:\Users\dkatz\Documents\Projects\CSM\Core\KillcamManager.cs(182,42): error CS0117: 'CSMModOptions' does not contain a definition for 'KillcamOnDecapitation' [C:\Users\dkatz\Documents\Projects\CSM\CSM.csproj]
         C:\Users\dkatz\Documents\Projects\CSM\Core\KillcamManager.cs(184,42): error CS0117: 'CSMModOptions' does not contain a definition for 'KillcamOnCritical' [C:\Users\dkatz\Documents\Projects\CSM\CSM.csproj]
         C:\Users\dkatz\Documents\Projects\CSM\Core\KillcamManager.cs(186,42): error CS0117: 'CSMModOptions' does not contain a definition for 'KillcamOnLastEnemy' [C:\Users\dkatz\Documents\Projects\CSM\CSM.csproj]

    0 Warning(s)
    4 Error(s)

Time Elapsed 00:00:04.18
